Symlinking /home/user/robocon_ros_workspace/devel/lib/pkgconfig/turtlebot3_autorace_detect.pc
Symlinking /home/user/robocon_ros_workspace/devel/lib/python3/dist-packages/turtlebot3_autorace_detect/__init__.py
Symlinking /home/user/robocon_ros_workspace/devel/lib/python3/dist-packages/turtlebot3_autorace_detect/cfg/__init__.py
Symlinking /home/user/robocon_ros_workspace/devel/lib/python3/dist-packages/turtlebot3_autorace_detect/cfg/DetectLaneParamsConfig.py
Symlinking /home/user/robocon_ros_workspace/devel/lib/python3/dist-packages/turtlebot3_autorace_detect/cfg/DetectLevelParamsConfig.py
Symlinking /home/user/robocon_ros_workspace/devel/lib/python3/dist-packages/turtlebot3_autorace_detect/cfg/DetectTrafficLightParamsConfig.py
Symlinking /home/user/robocon_ros_workspace/devel/lib/turtlebot3_autorace_detect/detect_tunnel_sign
Symlinking /home/user/robocon_ros_workspace/devel/lib/turtlebot3_autorace_detect/detect_parking
Symlinking /home/user/robocon_ros_workspace/devel/lib/turtlebot3_autorace_detect/detect_tunnel
Symlinking /home/user/robocon_ros_workspace/devel/lib/turtlebot3_autorace_detect/detect_parking_sign
Symlinking /home/user/robocon_ros_workspace/devel/lib/turtlebot3_autorace_detect/detect_lane
Symlinking /home/user/robocon_ros_workspace/devel/lib/turtlebot3_autorace_detect/detect_intersection_sign
Symlinking /home/user/robocon_ros_workspace/devel/lib/turtlebot3_autorace_detect/detect_construction_sign
Symlinking /home/user/robocon_ros_workspace/devel/lib/turtlebot3_autorace_detect/detect_construction
Symlinking /home/user/robocon_ros_workspace/devel/lib/turtlebot3_autorace_detect/cmake.lock
Symlinking /home/user/robocon_ros_workspace/devel/lib/turtlebot3_autorace_detect/detect_intersection
Symlinking /home/user/robocon_ros_workspace/devel/lib/turtlebot3_autorace_detect/detect_level_crossing_sign
Symlinking /home/user/robocon_ros_workspace/devel/lib/turtlebot3_autorace_detect/detect_traffic_light
Symlinking /home/user/robocon_ros_workspace/devel/lib/turtlebot3_autorace_detect/detect_level_crossing
Symlinking /home/user/robocon_ros_workspace/devel/include/turtlebot3_autorace_detect/DetectTrafficLightParamsConfig.h
Symlinking /home/user/robocon_ros_workspace/devel/include/turtlebot3_autorace_detect/DetectLaneParamsConfig.h
Symlinking /home/user/robocon_ros_workspace/devel/include/turtlebot3_autorace_detect/DetectLevelParamsConfig.h
Symlinking /home/user/robocon_ros_workspace/devel/share/turtlebot3_autorace_detect/docs/DetectTrafficLightParamsConfig.dox
Symlinking /home/user/robocon_ros_workspace/devel/share/turtlebot3_autorace_detect/docs/DetectTrafficLightParamsConfig-usage.dox
Symlinking /home/user/robocon_ros_workspace/devel/share/turtlebot3_autorace_detect/docs/DetectLevelParamsConfig.wikidoc
Symlinking /home/user/robocon_ros_workspace/devel/share/turtlebot3_autorace_detect/docs/DetectLevelParamsConfig.dox
Symlinking /home/user/robocon_ros_workspace/devel/share/turtlebot3_autorace_detect/docs/DetectLaneParamsConfig-usage.dox
Symlinking /home/user/robocon_ros_workspace/devel/share/turtlebot3_autorace_detect/docs/DetectLevelParamsConfig-usage.dox
Symlinking /home/user/robocon_ros_workspace/devel/share/turtlebot3_autorace_detect/docs/DetectTrafficLightParamsConfig.wikidoc
Symlinking /home/user/robocon_ros_workspace/devel/share/turtlebot3_autorace_detect/docs/DetectLaneParamsConfig.dox
Symlinking /home/user/robocon_ros_workspace/devel/share/turtlebot3_autorace_detect/docs/DetectLaneParamsConfig.wikidoc
Symlinking /home/user/robocon_ros_workspace/devel/share/turtlebot3_autorace_detect/cmake/turtlebot3_autorace_detectConfig.cmake
Symlinking /home/user/robocon_ros_workspace/devel/share/turtlebot3_autorace_detect/cmake/turtlebot3_autorace_detectConfig-version.cmake
